[09-Sep-2025 17:37:28 UTC] PHP Warning:  Undefined variable $posts in C:\Users\licci\Local Sites\timbertwig\app\public\wp-content\themes\timber-page-builderV1\functions.php on line 355
[09-Sep-2025 17:37:28 UTC] Timber\PostQuery Object
(
    [info] => 
********************************************************************************

    This output is generated by Timber\PostQuery::__debugInfo().

    The properties you see here are not actual properties, but only debug
    output. If you want to access the actual instances of Timber\Posts, loop
        over the collection or get all posts through $query->to_array().

        More info: https://timber.github.io/docs/v2/guides/posts/#debugging-post-collections

********************************************************************************
    [posts] => Array
        (
            [0] => Timber\Post Object
                (
                    [id] => 246
                    [ID] => 246
                    [object_type] => post
                    [wp_object:protected] => WP_Post Object
                        (
                            [ID] => 246
                            [post_author] => 1
                            [post_date] => 2025-09-08 23:25:05
                            [post_date_gmt] => 2025-09-08 23:25:05
                            [post_content] => 
                            [post_title] => The Surfer
                            [post_excerpt] => 
                            [post_status] => publish
                            [comment_status] => closed
                            [ping_status] => closed
                            [post_password] => 
                            [post_name] => the-surfer
                            [to_ping] => 
                            [pinged] => 
                            [post_modified] => 2025-09-09 00:29:34
                            [post_modified_gmt] => 2025-09-09 00:29:34
                            [post_content_filtered] => 
                            [post_parent] => 0
                            [guid] => http://timbertwig.local/?post_type=movie&#038;p=246
                            [menu_order] => 0
                            [post_type] => movie
                            [post_mime_type] => 
                            [comment_count] => 0
                            [filter] => raw
                        )

                    [___content:protected] => 
                    [_permalink:protected] => 
                    [_next:protected] => Array
                        (
                        )

                    [_prev:protected] => Array
                        (
                        )

                    [_css_class:protected] => 
                    [post_author] => 1
                    [post_content] => 
                    [post_date] => 2025-09-08 23:25:05
                    [post_excerpt] => 
                    [post_parent] => 0
                    [post_status] => publish
                    [post_title] => The Surfer
                    [post_type] => movie
                    [slug] => the-surfer
                    [__type:protected] => 
                    [post_date_gmt] => 2025-09-08 23:25:05
                    [comment_status] => closed
                    [ping_status] => closed
                    [post_password] => 
                    [post_name] => the-surfer
                    [to_ping] => 
                    [pinged] => 
                    [post_modified] => 2025-09-09 00:29:34
                    [post_modified_gmt] => 2025-09-09 00:29:34
                    [post_content_filtered] => 
                    [guid] => http://timbertwig.local/?post_type=movie&#038;p=246
                    [menu_order] => 0
                    [post_mime_type] => 
                    [filter] => raw
                    [status] => publish
                )

            [1] => Timber\Post Object
                (
                    [id] => 244
                    [ID] => 244
                    [object_type] => post
                    [wp_object:protected] => WP_Post Object
                        (
                            [ID] => 244
                            [post_author] => 1
                            [post_date] => 2025-09-08 23:24:35
                            [post_date_gmt] => 2025-09-08 23:24:35
                            [post_content] => 
                            [post_title] => Le Murder Club du jeudi
                            [post_excerpt] => 
                            [post_status] => publish
                            [comment_status] => closed
                            [ping_status] => closed
                            [post_password] => 
                            [post_name] => le-murder-club-du-jeudi
                            [to_ping] => 
                            [pinged] => 
                            [post_modified] => 2025-09-08 23:24:35
                            [post_modified_gmt] => 2025-09-08 23:24:35
                            [post_content_filtered] => 
                            [post_parent] => 0
                            [guid] => http://timbertwig.local/?post_type=movie&#038;p=244
                            [menu_order] => 0
                            [post_type] => movie
                            [post_mime_type] => 
                            [comment_count] => 0
                            [filter] => raw
                        )

                    [___content:protected] => 
                    [_permalink:protected] => 
                    [_next:protected] => Array
                        (
                        )

                    [_prev:protected] => Array
                        (
                        )

                    [_css_class:protected] => 
                    [post_author] => 1
                    [post_content] => 
                    [post_date] => 2025-09-08 23:24:35
                    [post_excerpt] => 
                    [post_parent] => 0
                    [post_status] => publish
                    [post_title] => Le Murder Club du jeudi
                    [post_type] => movie
                    [slug] => le-murder-club-du-jeudi
                    [__type:protected] => 
                    [post_date_gmt] => 2025-09-08 23:24:35
                    [comment_status] => closed
                    [ping_status] => closed
                    [post_password] => 
                    [post_name] => le-murder-club-du-jeudi
                    [to_ping] => 
                    [pinged] => 
                    [post_modified] => 2025-09-08 23:24:35
                    [post_modified_gmt] => 2025-09-08 23:24:35
                    [post_content_filtered] => 
                    [guid] => http://timbertwig.local/?post_type=movie&#038;p=244
                    [menu_order] => 0
                    [post_mime_type] => 
                    [filter] => raw
                    [status] => publish
                )

            [2] => Timber\Post Object
                (
                    [id] => 242
                    [ID] => 242
                    [object_type] => post
                    [wp_object:protected] => WP_Post Object
                        (
                            [ID] => 242
                            [post_author] => 1
                            [post_date] => 2025-09-08 23:23:48
                            [post_date_gmt] => 2025-09-08 23:23:48
                            [post_content] => 
                            [post_title] => Highest 2 Lowest
                            [post_excerpt] => 
                            [post_status] => publish
                            [comment_status] => closed
                            [ping_status] => closed
                            [post_password] => 
                            [post_name] => highest-2-lowest
                            [to_ping] => 
                            [pinged] => 
                            [post_modified] => 2025-09-08 23:23:48
                            [post_modified_gmt] => 2025-09-08 23:23:48
                            [post_content_filtered] => 
                            [post_parent] => 0
                            [guid] => http://timbertwig.local/?post_type=movie&#038;p=242
                            [menu_order] => 0
                            [post_type] => movie
                            [post_mime_type] => 
                            [comment_count] => 0
                            [filter] => raw
                        )

                    [___content:protected] => 
                    [_permalink:protected] => 
                    [_next:protected] => Array
                        (
                        )

                    [_prev:protected] => Array
                        (
                        )

                    [_css_class:protected] => 
                    [post_author] => 1
                    [post_content] => 
                    [post_date] => 2025-09-08 23:23:48
                    [post_excerpt] => 
                    [post_parent] => 0
                    [post_status] => publish
                    [post_title] => Highest 2 Lowest
                    [post_type] => movie
                    [slug] => highest-2-lowest
                    [__type:protected] => 
                    [post_date_gmt] => 2025-09-08 23:23:48
                    [comment_status] => closed
                    [ping_status] => closed
                    [post_password] => 
                    [post_name] => highest-2-lowest
                    [to_ping] => 
                    [pinged] => 
                    [post_modified] => 2025-09-08 23:23:48
                    [post_modified_gmt] => 2025-09-08 23:23:48
                    [post_content_filtered] => 
                    [guid] => http://timbertwig.local/?post_type=movie&#038;p=242
                    [menu_order] => 0
                    [post_mime_type] => 
                    [filter] => raw
                    [status] => publish
                )

        )

    [wp_query] => WP_Query Object
        (
            [query] => Array
                (
                    [post_type] => movie
                    [posts_per_page] => -1
                )

            [query_vars] => Array
                (
                    [post_type] => movie
                    [posts_per_page] => -1
                    [error] => 
                    [m] => 
                    [p] => 0
                    [post_parent] => 
                    [subpost] => 
                    [subpost_id] => 
                    [attachment] => 
                    [attachment_id] => 0
                    [name] => 
                    [pagename] => 
                    [page_id] => 0
                    [second] => 
                    [minute] => 
                    [hour] => 
                    [day] => 0
                    [monthnum] => 0
                    [year] => 0
                    [w] => 0
                    [category_name] => 
                    [tag] => 
                    [cat] => 
                    [tag_id] => 
                    [author] => 
                    [author_name] => 
                    [feed] => 
                    [tb] => 
                    [paged] => 0
                    [meta_key] => 
                    [meta_value] => 
                    [preview] => 
                    [s] => 
                    [sentence] => 
                    [title] => 
                    [fields] => all
                    [menu_order] => 
                    [embed] => 
                    [category__in] => Array
                        (
                        )

                    [category__not_in] => Array
                        (
                        )

                    [category__and] => Array
                        (
                        )

                    [post__in] => Array
                        (
                        )

                    [post__not_in] => Array
                        (
                        )

                    [post_name__in] => Array
                        (
                        )

                    [tag__in] => Array
                        (
                        )

                    [tag__not_in] => Array
                        (
                        )

                    [tag__and] => Array
                        (
                        )

                    [tag_slug__in] => Array
                        (
                        )

                    [tag_slug__and] => Array
                        (
                        )

                    [post_parent__in] => Array
                        (
                        )

                    [post_parent__not_in] => Array
                        (
                        )

                    [author__in] => Array
                        (
                        )

                    [author__not_in] => Array
                        (
                        )

                    [search_columns] => Array
                        (
                        )

                    [ignore_sticky_posts] => 
                    [suppress_filters] => 
                    [cache_results] => 1
                    [update_post_term_cache] => 1
                    [update_menu_item_cache] => 
                    [lazy_load_term_meta] => 1
                    [update_post_meta_cache] => 1
                    [nopaging] => 1
                    [comments_per_page] => 50
                    [no_found_rows] => 
                    [order] => DESC
                )

            [tax_query] => WP_Tax_Query Object
                (
                    [queries] => Array
                        (
                        )

                    [relation] => AND
                    [table_aliases:protected] => Array
                        (
                        )

                    [queried_terms] => Array
                        (
                        )

                    [primary_table] => wp_posts
                    [primary_id_column] => ID
                )

            [meta_query] => WP_Meta_Query Object
                (
                    [queries] => Array
                        (
                        )

                    [relation] => 
                    [meta_table] => 
                    [meta_id_column] => 
                    [primary_table] => 
                    [primary_id_column] => 
                    [table_aliases:protected] => Array
                        (
                        )

                    [clauses:protected] => Array
                        (
                        )

                    [has_or_relation:protected] => 
                )

            [date_query] => 
            [request] => SELECT   wp_posts.*
					 FROM wp_posts 
					 WHERE 1=1  AND ((wp_posts.post_type = 'movie' AND (wp_posts.post_status = 'publish' OR wp_posts.post_status = 'acf-disabled' 
OR wp_posts.post_status = 'private')))
					 
					 ORDER BY wp_posts.post_date DESC
					 
            [posts] => Array
                (
                    [0] => WP_Post Object
                        (
                            [ID] => 246
                            [post_author] => 1
                            [post_date] => 2025-09-08 23:25:05
                            [post_date_gmt] => 2025-09-08 23:25:05
                            [post_content] => 
                            [post_title] => The Surfer
                            [post_excerpt] => 
                            [post_status] => publish
                            [comment_status] => closed
                            [ping_status] => closed
                            [post_password] => 
                            [post_name] => the-surfer
                            [to_ping] => 
                            [pinged] => 
                            [post_modified] => 2025-09-09 00:29:34
                            [post_modified_gmt] => 2025-09-09 00:29:34
                            [post_content_filtered] => 
                            [post_parent] => 0
                            [guid] => http://timbertwig.local/?post_type=movie&#038;p=246
                            [menu_order] => 0
                            [post_type] => movie
                            [post_mime_type] => 
                            [comment_count] => 0
                            [filter] => raw
                        )

                    [1] => WP_Post Object
                        (
                            [ID] => 244
                            [post_author] => 1
                            [post_date] => 2025-09-08 23:24:35
                            [post_date_gmt] => 2025-09-08 23:24:35
                            [post_content] => 
                            [post_title] => Le Murder Club du jeudi
                            [post_excerpt] => 
                            [post_status] => publish
                            [comment_status] => closed
                            [ping_status] => closed
                            [post_password] => 
                            [post_name] => le-murder-club-du-jeudi
                            [to_ping] => 
                            [pinged] => 
                            [post_modified] => 2025-09-08 23:24:35
                            [post_modified_gmt] => 2025-09-08 23:24:35
                            [post_content_filtered] => 
                            [post_parent] => 0
                            [guid] => http://timbertwig.local/?post_type=movie&#038;p=244
                            [menu_order] => 0
                            [post_type] => movie
                            [post_mime_type] => 
                            [comment_count] => 0
                            [filter] => raw
                        )

                    [2] => WP_Post Object
                        (
                            [ID] => 242
                            [post_author] => 1
                            [post_date] => 2025-09-08 23:23:48
                            [post_date_gmt] => 2025-09-08 23:23:48
                            [post_content] => 
                            [post_title] => Highest 2 Lowest
                            [post_excerpt] => 
                            [post_status] => publish
                            [comment_status] => closed
                            [ping_status] => closed
                            [post_password] => 
                            [post_name] => highest-2-lowest
                            [to_ping] => 
                            [pinged] => 
                            [post_modified] => 2025-09-08 23:23:48
                            [post_modified_gmt] => 2025-09-08 23:23:48
                            [post_content_filtered] => 
                            [post_parent] => 0
                            [guid] => http://timbertwig.local/?post_type=movie&#038;p=242
                            [menu_order] => 0
                            [post_type] => movie
                            [post_mime_type] => 
                            [comment_count] => 0
                            [filter] => raw
                        )

                )

            [post_count] => 3
            [current_post] => -1
            [before_loop] => 1
            [in_the_loop] => 
            [post] => WP_Post Object
                (
                    [ID] => 246
                    [post_author] => 1
                    [post_date] => 2025-09-08 23:25:05
                    [post_date_gmt] => 2025-09-08 23:25:05
                    [post_content] => 
                    [post_title] => The Surfer
                    [post_excerpt] => 
                    [post_status] => publish
                    [comment_status] => closed
                    [ping_status] => closed
                    [post_password] => 
                    [post_name] => the-surfer
                    [to_ping] => 
                    [pinged] => 
                    [post_modified] => 2025-09-09 00:29:34
                    [post_modified_gmt] => 2025-09-09 00:29:34
                    [post_content_filtered] => 
                    [post_parent] => 0
                    [guid] => http://timbertwig.local/?post_type=movie&#038;p=246
                    [menu_order] => 0
                    [post_type] => movie
                    [post_mime_type] => 
                    [comment_count] => 0
                    [filter] => raw
                )

            [comment_count] => 0
            [current_comment] => -1
            [found_posts] => 3
            [max_num_pages] => 0
            [max_num_comment_pages] => 0
            [is_single] => 
            [is_preview] => 
            [is_page] => 
            [is_archive] => 
            [is_date] => 
            [is_year] => 
            [is_month] => 
            [is_day] => 
            [is_time] => 
            [is_author] => 
            [is_category] => 
            [is_tag] => 
            [is_tax] => 
            [is_search] => 
            [is_feed] => 
            [is_comment_feed] => 
            [is_trackback] => 
            [is_home] => 1
            [is_privacy_policy] => 
            [is_404] => 
            [is_embed] => 
            [is_paged] => 
            [is_admin] => 
            [is_attachment] => 
            [is_singular] => 
            [is_robots] => 
            [is_favicon] => 
            [is_posts_page] => 
            [is_post_type_archive] => 
            [query_vars_hash:WP_Query:private] => 81a81404f00e82cfaa145233e873701d
            [query_vars_changed:WP_Query:private] => 
            [thumbnails_cached] => 
            [allow_query_attachment_by_filename:protected] => 
            [stopwords:WP_Query:private] => 
            [compat_fields:WP_Query:private] => Array
                (
                    [0] => query_vars_hash
                    [1] => query_vars_changed
                )

            [compat_methods:WP_Query:private] => Array
                (
                    [0] => init_query_flags
                    [1] => parse_tax_query
                )

            [query_cache_key:WP_Query:private] => wp_query:819b3d0d1dc6fd422838eb8be58d64e2:0.59582500 1757439448
        )

    [found_posts] => 3
    [pagination] => 
    [factory] => Timber\Factory\PostFactory Object
        (
        )

    [iterator] => Timber\PostsIterator Object
        (
            [last_post:protected] => 
            [storage:ArrayIterator:private] => Timber\PostQuery Object
 *RECURSION*
        )

)

[09-Sep-2025 17:37:28 UTC] PHP Warning:  Undefined variable $posts in C:\Users\licci\Local Sites\timbertwig\app\public\wp-content\themes\timber-page-builderV1\functions.php on line 355
[09-Sep-2025 17:38:18 UTC] PHP Warning:  Undefined variable $posts in C:\Users\licci\Local Sites\timbertwig\app\public\wp-content\themes\timber-page-builderV1\functions.php on line 360
[09-Sep-2025 17:38:18 UTC] Timber\PostQuery Object
(
    [info] => 
********************************************************************************

    This output is generated by Timber\PostQuery::__debugInfo().

    The properties you see here are not actual properties, but only debug
    output. If you want to access the actual instances of Timber\Posts, loop
        over the collection or get all posts through $query->to_array().

        More info: https://timber.github.io/docs/v2/guides/posts/#debugging-post-collections

********************************************************************************
    [posts] => Array
        (
            [0] => Timber\Post Object
                (
                    [id] => 246
                    [ID] => 246
                    [object_type] => post
                    [wp_object:protected] => WP_Post Object
                        (
                            [ID] => 246
                            [post_author] => 1
                            [post_date] => 2025-09-08 23:25:05
                            [post_date_gmt] => 2025-09-08 23:25:05
                            [post_content] => 
                            [post_title] => The Surfer
                            [post_excerpt] => 
                            [post_status] => publish
                            [comment_status] => closed
                            [ping_status] => closed
                            [post_password] => 
                            [post_name] => the-surfer
                            [to_ping] => 
                            [pinged] => 
                            [post_modified] => 2025-09-09 00:29:34
                            [post_modified_gmt] => 2025-09-09 00:29:34
                            [post_content_filtered] => 
                            [post_parent] => 0
                            [guid] => http://timbertwig.local/?post_type=movie&#038;p=246
                            [menu_order] => 0
                            [post_type] => movie
                            [post_mime_type] => 
                            [comment_count] => 0
                            [filter] => raw
                        )

                    [___content:protected] => 
                    [_permalink:protected] => 
                    [_next:protected] => Array
                        (
                        )

                    [_prev:protected] => Array
                        (
                        )

                    [_css_class:protected] => 
                    [post_author] => 1
                    [post_content] => 
                    [post_date] => 2025-09-08 23:25:05
                    [post_excerpt] => 
                    [post_parent] => 0
                    [post_status] => publish
                    [post_title] => The Surfer
                    [post_type] => movie
                    [slug] => the-surfer
                    [__type:protected] => 
                    [post_date_gmt] => 2025-09-08 23:25:05
                    [comment_status] => closed
                    [ping_status] => closed
                    [post_password] => 
                    [post_name] => the-surfer
                    [to_ping] => 
                    [pinged] => 
                    [post_modified] => 2025-09-09 00:29:34
                    [post_modified_gmt] => 2025-09-09 00:29:34
                    [post_content_filtered] => 
                    [guid] => http://timbertwig.local/?post_type=movie&#038;p=246
                    [menu_order] => 0
                    [post_mime_type] => 
                    [filter] => raw
                    [status] => publish
                )

            [1] => Timber\Post Object
                (
                    [id] => 244
                    [ID] => 244
                    [object_type] => post
                    [wp_object:protected] => WP_Post Object
                        (
                            [ID] => 244
                            [post_author] => 1
                            [post_date] => 2025-09-08 23:24:35
                            [post_date_gmt] => 2025-09-08 23:24:35
                            [post_content] => 
                            [post_title] => Le Murder Club du jeudi
                            [post_excerpt] => 
                            [post_status] => publish
                            [comment_status] => closed
                            [ping_status] => closed
                            [post_password] => 
                            [post_name] => le-murder-club-du-jeudi
                            [to_ping] => 
                            [pinged] => 
                            [post_modified] => 2025-09-08 23:24:35
                            [post_modified_gmt] => 2025-09-08 23:24:35
                            [post_content_filtered] => 
                            [post_parent] => 0
                            [guid] => http://timbertwig.local/?post_type=movie&#038;p=244
                            [menu_order] => 0
                            [post_type] => movie
                            [post_mime_type] => 
                            [comment_count] => 0
                            [filter] => raw
                        )

                    [___content:protected] => 
                    [_permalink:protected] => 
                    [_next:protected] => Array
                        (
                        )

                    [_prev:protected] => Array
                        (
                        )

                    [_css_class:protected] => 
                    [post_author] => 1
                    [post_content] => 
                    [post_date] => 2025-09-08 23:24:35
                    [post_excerpt] => 
                    [post_parent] => 0
                    [post_status] => publish
                    [post_title] => Le Murder Club du jeudi
                    [post_type] => movie
                    [slug] => le-murder-club-du-jeudi
                    [__type:protected] => 
                    [post_date_gmt] => 2025-09-08 23:24:35
                    [comment_status] => closed
                    [ping_status] => closed
                    [post_password] => 
                    [post_name] => le-murder-club-du-jeudi
                    [to_ping] => 
                    [pinged] => 
                    [post_modified] => 2025-09-08 23:24:35
                    [post_modified_gmt] => 2025-09-08 23:24:35
                    [post_content_filtered] => 
                    [guid] => http://timbertwig.local/?post_type=movie&#038;p=244
                    [menu_order] => 0
                    [post_mime_type] => 
                    [filter] => raw
                    [status] => publish
                )

            [2] => Timber\Post Object
                (
                    [id] => 242
                    [ID] => 242
                    [object_type] => post
                    [wp_object:protected] => WP_Post Object
                        (
                            [ID] => 242
                            [post_author] => 1
                            [post_date] => 2025-09-08 23:23:48
                            [post_date_gmt] => 2025-09-08 23:23:48
                            [post_content] => 
                            [post_title] => Highest 2 Lowest
                            [post_excerpt] => 
                            [post_status] => publish
                            [comment_status] => closed
                            [ping_status] => closed
                            [post_password] => 
                            [post_name] => highest-2-lowest
                            [to_ping] => 
                            [pinged] => 
                            [post_modified] => 2025-09-08 23:23:48
                            [post_modified_gmt] => 2025-09-08 23:23:48
                            [post_content_filtered] => 
                            [post_parent] => 0
                            [guid] => http://timbertwig.local/?post_type=movie&#038;p=242
                            [menu_order] => 0
                            [post_type] => movie
                            [post_mime_type] => 
                            [comment_count] => 0
                            [filter] => raw
                        )

                    [___content:protected] => 
                    [_permalink:protected] => 
                    [_next:protected] => Array
                        (
                        )

                    [_prev:protected] => Array
                        (
                        )

                    [_css_class:protected] => 
                    [post_author] => 1
                    [post_content] => 
                    [post_date] => 2025-09-08 23:23:48
                    [post_excerpt] => 
                    [post_parent] => 0
                    [post_status] => publish
                    [post_title] => Highest 2 Lowest
                    [post_type] => movie
                    [slug] => highest-2-lowest
                    [__type:protected] => 
                    [post_date_gmt] => 2025-09-08 23:23:48
                    [comment_status] => closed
                    [ping_status] => closed
                    [post_password] => 
                    [post_name] => highest-2-lowest
                    [to_ping] => 
                    [pinged] => 
                    [post_modified] => 2025-09-08 23:23:48
                    [post_modified_gmt] => 2025-09-08 23:23:48
                    [post_content_filtered] => 
                    [guid] => http://timbertwig.local/?post_type=movie&#038;p=242
                    [menu_order] => 0
                    [post_mime_type] => 
                    [filter] => raw
                    [status] => publish
                )

        )

    [wp_query] => WP_Query Object
        (
            [query] => Array
                (
                    [post_type] => movie
                    [posts_per_page] => -1
                )

            [query_vars] => Array
                (
                    [post_type] => movie
                    [posts_per_page] => -1
                    [error] => 
                    [m] => 
                    [p] => 0
                    [post_parent] => 
                    [subpost] => 
                    [subpost_id] => 
                    [attachment] => 
                    [attachment_id] => 0
                    [name] => 
                    [pagename] => 
                    [page_id] => 0
                    [second] => 
                    [minute] => 
                    [hour] => 
                    [day] => 0
                    [monthnum] => 0
                    [year] => 0
                    [w] => 0
                    [category_name] => 
                    [tag] => 
                    [cat] => 
                    [tag_id] => 
                    [author] => 
                    [author_name] => 
                    [feed] => 
                    [tb] => 
                    [paged] => 0
                    [meta_key] => 
                    [meta_value] => 
                    [preview] => 
                    [s] => 
                    [sentence] => 
                    [title] => 
                    [fields] => all
                    [menu_order] => 
                    [embed] => 
                    [category__in] => Array
                        (
                        )

                    [category__not_in] => Array
                        (
                        )

                    [category__and] => Array
                        (
                        )

                    [post__in] => Array
                        (
                        )

                    [post__not_in] => Array
                        (
                        )

                    [post_name__in] => Array
                        (
                        )

                    [tag__in] => Array
                        (
                        )

                    [tag__not_in] => Array
                        (
                        )

                    [tag__and] => Array
                        (
                        )

                    [tag_slug__in] => Array
                        (
                        )

                    [tag_slug__and] => Array
                        (
                        )

                    [post_parent__in] => Array
                        (
                        )

                    [post_parent__not_in] => Array
                        (
                        )

                    [author__in] => Array
                        (
                        )

                    [author__not_in] => Array
                        (
                        )

                    [search_columns] => Array
                        (
                        )

                    [ignore_sticky_posts] => 
                    [suppress_filters] => 
                    [cache_results] => 1
                    [update_post_term_cache] => 1
                    [update_menu_item_cache] => 
                    [lazy_load_term_meta] => 1
                    [update_post_meta_cache] => 1
                    [nopaging] => 1
                    [comments_per_page] => 50
                    [no_found_rows] => 
                    [order] => DESC
                )

            [tax_query] => WP_Tax_Query Object
                (
                    [queries] => Array
                        (
                        )

                    [relation] => AND
                    [table_aliases:protected] => Array
                        (
                        )

                    [queried_terms] => Array
                        (
                        )

                    [primary_table] => wp_posts
                    [primary_id_column] => ID
                )

            [meta_query] => WP_Meta_Query Object
                (
                    [queries] => Array
                        (
                        )

                    [relation] => 
                    [meta_table] => 
                    [meta_id_column] => 
                    [primary_table] => 
                    [primary_id_column] => 
                    [table_aliases:protected] => Array
                        (
                        )

                    [clauses:protected] => Array
                        (
                        )

                    [has_or_relation:protected] => 
                )

            [date_query] => 
            [request] => SELECT   wp_posts.*
					 FROM wp_posts 
					 WHERE 1=1  AND ((wp_posts.post_type = 'movie' AND (wp_posts.post_status = 'publish' OR wp_posts.post_status = 'acf-disabled' 
OR wp_posts.post_status = 'private')))
					 
					 ORDER BY wp_posts.post_date DESC
					 
            [posts] => Array
                (
                    [0] => WP_Post Object
                        (
                            [ID] => 246
                            [post_author] => 1
                            [post_date] => 2025-09-08 23:25:05
                            [post_date_gmt] => 2025-09-08 23:25:05
                            [post_content] => 
                            [post_title] => The Surfer
                            [post_excerpt] => 
                            [post_status] => publish
                            [comment_status] => closed
                            [ping_status] => closed
                            [post_password] => 
                            [post_name] => the-surfer
                            [to_ping] => 
                            [pinged] => 
                            [post_modified] => 2025-09-09 00:29:34
                            [post_modified_gmt] => 2025-09-09 00:29:34
                            [post_content_filtered] => 
                            [post_parent] => 0
                            [guid] => http://timbertwig.local/?post_type=movie&#038;p=246
                            [menu_order] => 0
                            [post_type] => movie
                            [post_mime_type] => 
                            [comment_count] => 0
                            [filter] => raw
                        )

                    [1] => WP_Post Object
                        (
                            [ID] => 244
                            [post_author] => 1
                            [post_date] => 2025-09-08 23:24:35
                            [post_date_gmt] => 2025-09-08 23:24:35
                            [post_content] => 
                            [post_title] => Le Murder Club du jeudi
                            [post_excerpt] => 
                            [post_status] => publish
                            [comment_status] => closed
                            [ping_status] => closed
                            [post_password] => 
                            [post_name] => le-murder-club-du-jeudi
                            [to_ping] => 
                            [pinged] => 
                            [post_modified] => 2025-09-08 23:24:35
                            [post_modified_gmt] => 2025-09-08 23:24:35
                            [post_content_filtered] => 
                            [post_parent] => 0
                            [guid] => http://timbertwig.local/?post_type=movie&#038;p=244
                            [menu_order] => 0
                            [post_type] => movie
                            [post_mime_type] => 
                            [comment_count] => 0
                            [filter] => raw
                        )

                    [2] => WP_Post Object
                        (
                            [ID] => 242
                            [post_author] => 1
                            [post_date] => 2025-09-08 23:23:48
                            [post_date_gmt] => 2025-09-08 23:23:48
                            [post_content] => 
                            [post_title] => Highest 2 Lowest
                            [post_excerpt] => 
                            [post_status] => publish
                            [comment_status] => closed
                            [ping_status] => closed
                            [post_password] => 
                            [post_name] => highest-2-lowest
                            [to_ping] => 
                            [pinged] => 
                            [post_modified] => 2025-09-08 23:23:48
                            [post_modified_gmt] => 2025-09-08 23:23:48
                            [post_content_filtered] => 
                            [post_parent] => 0
                            [guid] => http://timbertwig.local/?post_type=movie&#038;p=242
                            [menu_order] => 0
                            [post_type] => movie
                            [post_mime_type] => 
                            [comment_count] => 0
                            [filter] => raw
                        )

                )

            [post_count] => 3
            [current_post] => -1
            [before_loop] => 1
            [in_the_loop] => 
            [post] => WP_Post Object
                (
                    [ID] => 246
                    [post_author] => 1
                    [post_date] => 2025-09-08 23:25:05
                    [post_date_gmt] => 2025-09-08 23:25:05
                    [post_content] => 
                    [post_title] => The Surfer
                    [post_excerpt] => 
                    [post_status] => publish
                    [comment_status] => closed
                    [ping_status] => closed
                    [post_password] => 
                    [post_name] => the-surfer
                    [to_ping] => 
                    [pinged] => 
                    [post_modified] => 2025-09-09 00:29:34
                    [post_modified_gmt] => 2025-09-09 00:29:34
                    [post_content_filtered] => 
                    [post_parent] => 0
                    [guid] => http://timbertwig.local/?post_type=movie&#038;p=246
                    [menu_order] => 0
                    [post_type] => movie
                    [post_mime_type] => 
                    [comment_count] => 0
                    [filter] => raw
                )

            [comment_count] => 0
            [current_comment] => -1
            [found_posts] => 3
            [max_num_pages] => 0
            [max_num_comment_pages] => 0
            [is_single] => 
            [is_preview] => 
            [is_page] => 
            [is_archive] => 
            [is_date] => 
            [is_year] => 
            [is_month] => 
            [is_day] => 
            [is_time] => 
            [is_author] => 
            [is_category] => 
            [is_tag] => 
            [is_tax] => 
            [is_search] => 
            [is_feed] => 
            [is_comment_feed] => 
            [is_trackback] => 
            [is_home] => 1
            [is_privacy_policy] => 
            [is_404] => 
            [is_embed] => 
            [is_paged] => 
            [is_admin] => 
            [is_attachment] => 
            [is_singular] => 
            [is_robots] => 
            [is_favicon] => 
            [is_posts_page] => 
            [is_post_type_archive] => 
            [query_vars_hash:WP_Query:private] => 81a81404f00e82cfaa145233e873701d
            [query_vars_changed:WP_Query:private] => 
            [thumbnails_cached] => 
            [allow_query_attachment_by_filename:protected] => 
            [stopwords:WP_Query:private] => 
            [compat_fields:WP_Query:private] => Array
                (
                    [0] => query_vars_hash
                    [1] => query_vars_changed
                )

            [compat_methods:WP_Query:private] => Array
                (
                    [0] => init_query_flags
                    [1] => parse_tax_query
                )

            [query_cache_key:WP_Query:private] => wp_query:819b3d0d1dc6fd422838eb8be58d64e2:0.73172000 1757439498
        )

    [found_posts] => 3
    [pagination] => 
    [factory] => Timber\Factory\PostFactory Object
        (
        )

    [iterator] => Timber\PostsIterator Object
        (
            [last_post:protected] => 
            [storage:ArrayIterator:private] => Timber\PostQuery Object
 *RECURSION*
        )

)

[09-Sep-2025 17:38:18 UTC] PHP Warning:  Undefined variable $posts in C:\Users\licci\Local Sites\timbertwig\app\public\wp-content\themes\timber-page-builderV1\functions.php on line 360
[09-Sep-2025 17:38:46 UTC] PHP Fatal error:  Uncaught Error: Object of class Timber\PostQuery could not be converted to string in C:\Users\licci\Local Sites\timbertwig\app\public\wp-content\themes\timber-page-builderV1\functions.php:340
Stack trace:
#0 C:\Users\licci\Local Sites\timbertwig\app\public\wp-includes\class-wp-hook.php(324): {closure}('')
#1 C:\Users\licci\Local Sites\timbertwig\app\public\wp-includes\class-wp-hook.php(348): WP_Hook->apply_filters(NULL, Array)
#2 C:\Users\licci\Local Sites\timbertwig\app\public\wp-includes\plugin.php(517): WP_Hook->do_action(Array)
#3 C:\Users\licci\Local Sites\timbertwig\app\public\wp-includes\general-template.php(3208): do_action('wp_footer')
#4 C:\Users\licci\Local Sites\timbertwig\app\public\wp-content\themes\timber-page-builderV1\vendor\timber\timber\src\Twig.php(738): wp_footer()
#5 C:\Users\licci\Local Sites\timbertwig\app\public\wp-content\themes\timber-page-builderV1\vendor\twig\twig\src\Environment.php(420) : eval()'d code(81): Timber\Twig->exec_function('wp_footer')
#6 C:\Users\licci\Local Sites\timbertwig\app\public\wp-content\themes\timber-page-builderV1\vendor\twig\twig\src\Template.php(402): __TwigTemplate_b14bad731884206fe2eea0f822e5c1a1->doDisplay(Array, Array)
#7 C:\Users\licci\Local Sites\timbertwig\app\public\wp-content\themes\timber-page-builderV1\vendor\twig\twig\src\Environment.php(420) : eval()'d code(47): Twig\Template->yield(Array, Array)
#8 C:\Users\licci\Local Sites\timbertwig\app\public\wp-content\themes\timber-page-builderV1\vendor\twig\twig\src\Template.php(402): __TwigTemplate_a7b719e36a301b70a2092460d5eb7eab->doDisplay(Array, Array)
#9 C:\Users\licci\Local Sites\timbertwig\app\public\wp-content\themes\timber-page-builderV1\vendor\twig\twig\src\Template.php(358): Twig\Template->yield(Array, Array)
#10 C:\Users\licci\Local Sites\timbertwig\app\public\wp-content\themes\timber-page-builderV1\vendor\twig\twig\src\Template.php(373): Twig\Template->display(Array)
#11 C:\Users\licci\Local Sites\timbertwig\app\public\wp-content\themes\timber-page-builderV1\vendor\twig\twig\src\TemplateWrapper.php(51): Twig\Template->render(Array)
#12 C:\Users\licci\Local Sites\timbertwig\app\public\wp-content\themes\timber-page-builderV1\vendor\timber\timber\src\Loader.php(178): Twig\TemplateWrapper->render(Array)
#13 C:\Users\licci\Local Sites\timbertwig\app\public\wp-content\themes\timber-page-builderV1\vendor\timber\timber\src\Timber.php(1481): Timber\Loader->render('page-builder.tw...', Array, false, 'default')
#14 C:\Users\licci\Local Sites\timbertwig\app\public\wp-content\themes\timber-page-builderV1\vendor\timber\timber\src\Timber.php(1616): Timber\Timber::compile('page-builder.tw...', Array, false, 'default', true)
#15 C:\Users\licci\Local Sites\timbertwig\app\public\wp-content\themes\timber-page-builderV1\page.php(25): Timber\Timber::render('page-builder.tw...', Array)
#16 C:\Users\licci\Local Sites\timbertwig\app\public\wp-includes\template-loader.php(106): include('C:\\Users\\licci\\...')
#17 C:\Users\licci\Local Sites\timbertwig\app\public\wp-blog-header.php(19): require_once('C:\\Users\\licci\\...')
#18 C:\Users\licci\Local Sites\timbertwig\app\public\index.php(17): require('C:\\Users\\licci\\...')
#19 {main}

Next Twig\Error\RuntimeError: An exception has been thrown during the rendering of a template ("Object of class Timber\PostQuery could not be converted to string") in "base.twig" at line 19. in C:\Users\licci\Local Sites\timbertwig\app\public\wp-content\themes\timber-page-builderV1\templates\base.twig:19
Stack trace:
#0 C:\Users\licci\Local Sites\timbertwig\app\public\wp-content\themes\timber-page-builderV1\vendor\twig\twig\src\Environment.php(420) : eval()'d code(47): Twig\Template->yield(Array, Array)
#1 C:\Users\licci\Local Sites\timbertwig\app\public\wp-content\themes\timber-page-builderV1\vendor\twig\twig\src\Template.php(402): __TwigTemplate_a7b719e36a301b70a2092460d5eb7eab->doDisplay(Array, Array)
#2 C:\Users\licci\Local Sites\timbertwig\app\public\wp-content\themes\timber-page-builderV1\vendor\twig\twig\src\Template.php(358): Twig\Template->yield(Array, Array)
#3 C:\Users\licci\Local Sites\timbertwig\app\public\wp-content\themes\timber-page-builderV1\vendor\twig\twig\src\Template.php(373): Twig\Template->display(Array)
#4 C:\Users\licci\Local Sites\timbertwig\app\public\wp-content\themes\timber-page-builderV1\vendor\twig\twig\src\TemplateWrapper.php(51): Twig\Template->render(Array)
#5 C:\Users\licci\Local Sites\timbertwig\app\public\wp-content\themes\timber-page-builderV1\vendor\timber\timber\src\Loader.php(178): Twig\TemplateWrapper->render(Array)
#6 C:\Users\licci\Local Sites\timbertwig\app\public\wp-content\themes\timber-page-builderV1\vendor\timber\timber\src\Timber.php(1481): Timber\Loader->render('page-builder.tw...', Array, false, 'default')
#7 C:\Users\licci\Local Sites\timbertwig\app\public\wp-content\themes\timber-page-builderV1\vendor\timber\timber\src\Timber.php(1616): Timber\Timber::compile('page-builder.tw...', Array, false, 'default', true)
#8 C:\Users\licci\Local Sites\timbertwig\app\public\wp-content\themes\timber-page-builderV1\page.php(25): Timber\Timber::render('page-builder.tw...', Array)
#9 C:\Users\licci\Local Sites\timbertwig\app\public\wp-includes\template-loader.php(106): include('C:\\Users\\licci\\...')
#10 C:\Users\licci\Local Sites\timbertwig\app\public\wp-blog-header.php(19): require_once('C:\\Users\\licci\\...')
#11 C:\Users\licci\Local Sites\timbertwig\app\public\index.php(17): require('C:\\Users\\licci\\...')
#12 {main}
  thrown in C:\Users\licci\Local Sites\timbertwig\app\public\wp-content\themes\timber-page-builderV1\templates\base.twig on line 19
[09-Sep-2025 17:39:40 UTC] Timber\PostQuery Object
(
    [info] => 
********************************************************************************

    This output is generated by Timber\PostQuery::__debugInfo().

    The properties you see here are not actual properties, but only debug
    output. If you want to access the actual instances of Timber\Posts, loop
        over the collection or get all posts through $query->to_array().

        More info: https://timber.github.io/docs/v2/guides/posts/#debugging-post-collections

********************************************************************************
    [posts] => Array
        (
            [0] => Timber\Post Object
                (
                    [id] => 246
                    [ID] => 246
                    [object_type] => post
                    [wp_object:protected] => WP_Post Object
                        (
                            [ID] => 246
                            [post_author] => 1
                            [post_date] => 2025-09-08 23:25:05
                            [post_date_gmt] => 2025-09-08 23:25:05
                            [post_content] => 
                            [post_title] => The Surfer
                            [post_excerpt] => 
                            [post_status] => publish
                            [comment_status] => closed
                            [ping_status] => closed
                            [post_password] => 
                            [post_name] => the-surfer
                            [to_ping] => 
                            [pinged] => 
                            [post_modified] => 2025-09-09 00:29:34
                            [post_modified_gmt] => 2025-09-09 00:29:34
                            [post_content_filtered] => 
                            [post_parent] => 0
                            [guid] => http://timbertwig.local/?post_type=movie&#038;p=246
                            [menu_order] => 0
                            [post_type] => movie
                            [post_mime_type] => 
                            [comment_count] => 0
                            [filter] => raw
                        )

                    [___content:protected] => 
                    [_permalink:protected] => 
                    [_next:protected] => Array
                        (
                        )

                    [_prev:protected] => Array
                        (
                        )

                    [_css_class:protected] => 
                    [post_author] => 1
                    [post_content] => 
                    [post_date] => 2025-09-08 23:25:05
                    [post_excerpt] => 
                    [post_parent] => 0
                    [post_status] => publish
                    [post_title] => The Surfer
                    [post_type] => movie
                    [slug] => the-surfer
                    [__type:protected] => 
                    [post_date_gmt] => 2025-09-08 23:25:05
                    [comment_status] => closed
                    [ping_status] => closed
                    [post_password] => 
                    [post_name] => the-surfer
                    [to_ping] => 
                    [pinged] => 
                    [post_modified] => 2025-09-09 00:29:34
                    [post_modified_gmt] => 2025-09-09 00:29:34
                    [post_content_filtered] => 
                    [guid] => http://timbertwig.local/?post_type=movie&#038;p=246
                    [menu_order] => 0
                    [post_mime_type] => 
                    [filter] => raw
                    [status] => publish
                )

            [1] => Timber\Post Object
                (
                    [id] => 244
                    [ID] => 244
                    [object_type] => post
                    [wp_object:protected] => WP_Post Object
                        (
                            [ID] => 244
                            [post_author] => 1
                            [post_date] => 2025-09-08 23:24:35
                            [post_date_gmt] => 2025-09-08 23:24:35
                            [post_content] => 
                            [post_title] => Le Murder Club du jeudi
                            [post_excerpt] => 
                            [post_status] => publish
                            [comment_status] => closed
                            [ping_status] => closed
                            [post_password] => 
                            [post_name] => le-murder-club-du-jeudi
                            [to_ping] => 
                            [pinged] => 
                            [post_modified] => 2025-09-08 23:24:35
                            [post_modified_gmt] => 2025-09-08 23:24:35
                            [post_content_filtered] => 
                            [post_parent] => 0
                            [guid] => http://timbertwig.local/?post_type=movie&#038;p=244
                            [menu_order] => 0
                            [post_type] => movie
                            [post_mime_type] => 
                            [comment_count] => 0
                            [filter] => raw
                        )

                    [___content:protected] => 
                    [_permalink:protected] => 
                    [_next:protected] => Array
                        (
                        )

                    [_prev:protected] => Array
                        (
                        )

                    [_css_class:protected] => 
                    [post_author] => 1
                    [post_content] => 
                    [post_date] => 2025-09-08 23:24:35
                    [post_excerpt] => 
                    [post_parent] => 0
                    [post_status] => publish
                    [post_title] => Le Murder Club du jeudi
                    [post_type] => movie
                    [slug] => le-murder-club-du-jeudi
                    [__type:protected] => 
                    [post_date_gmt] => 2025-09-08 23:24:35
                    [comment_status] => closed
                    [ping_status] => closed
                    [post_password] => 
                    [post_name] => le-murder-club-du-jeudi
                    [to_ping] => 
                    [pinged] => 
                    [post_modified] => 2025-09-08 23:24:35
                    [post_modified_gmt] => 2025-09-08 23:24:35
                    [post_content_filtered] => 
                    [guid] => http://timbertwig.local/?post_type=movie&#038;p=244
                    [menu_order] => 0
                    [post_mime_type] => 
                    [filter] => raw
                    [status] => publish
                )

            [2] => Timber\Post Object
                (
                    [id] => 242
                    [ID] => 242
                    [object_type] => post
                    [wp_object:protected] => WP_Post Object
                        (
                            [ID] => 242
                            [post_author] => 1
                            [post_date] => 2025-09-08 23:23:48
                            [post_date_gmt] => 2025-09-08 23:23:48
                            [post_content] => 
                            [post_title] => Highest 2 Lowest
                            [post_excerpt] => 
                            [post_status] => publish
                            [comment_status] => closed
                            [ping_status] => closed
                            [post_password] => 
                            [post_name] => highest-2-lowest
                            [to_ping] => 
                            [pinged] => 
                            [post_modified] => 2025-09-08 23:23:48
                            [post_modified_gmt] => 2025-09-08 23:23:48
                            [post_content_filtered] => 
                            [post_parent] => 0
                            [guid] => http://timbertwig.local/?post_type=movie&#038;p=242
                            [menu_order] => 0
                            [post_type] => movie
                            [post_mime_type] => 
                            [comment_count] => 0
                            [filter] => raw
                        )

                    [___content:protected] => 
                    [_permalink:protected] => 
                    [_next:protected] => Array
                        (
                        )

                    [_prev:protected] => Array
                        (
                        )

                    [_css_class:protected] => 
                    [post_author] => 1
                    [post_content] => 
                    [post_date] => 2025-09-08 23:23:48
                    [post_excerpt] => 
                    [post_parent] => 0
                    [post_status] => publish
                    [post_title] => Highest 2 Lowest
                    [post_type] => movie
                    [slug] => highest-2-lowest
                    [__type:protected] => 
                    [post_date_gmt] => 2025-09-08 23:23:48
                    [comment_status] => closed
                    [ping_status] => closed
                    [post_password] => 
                    [post_name] => highest-2-lowest
                    [to_ping] => 
                    [pinged] => 
                    [post_modified] => 2025-09-08 23:23:48
                    [post_modified_gmt] => 2025-09-08 23:23:48
                    [post_content_filtered] => 
                    [guid] => http://timbertwig.local/?post_type=movie&#038;p=242
                    [menu_order] => 0
                    [post_mime_type] => 
                    [filter] => raw
                    [status] => publish
                )

        )

    [wp_query] => WP_Query Object
        (
            [query] => Array
                (
                    [post_type] => movie
                    [posts_per_page] => -1
                )

            [query_vars] => Array
                (
                    [post_type] => movie
                    [posts_per_page] => -1
                    [error] => 
                    [m] => 
                    [p] => 0
                    [post_parent] => 
                    [subpost] => 
                    [subpost_id] => 
                    [attachment] => 
                    [attachment_id] => 0
                    [name] => 
                    [pagename] => 
                    [page_id] => 0
                    [second] => 
                    [minute] => 
                    [hour] => 
                    [day] => 0
                    [monthnum] => 0
                    [year] => 0
                    [w] => 0
                    [category_name] => 
                    [tag] => 
                    [cat] => 
                    [tag_id] => 
                    [author] => 
                    [author_name] => 
                    [feed] => 
                    [tb] => 
                    [paged] => 0
                    [meta_key] => 
                    [meta_value] => 
                    [preview] => 
                    [s] => 
                    [sentence] => 
                    [title] => 
                    [fields] => all
                    [menu_order] => 
                    [embed] => 
                    [category__in] => Array
                        (
                        )

                    [category__not_in] => Array
                        (
                        )

                    [category__and] => Array
                        (
                        )

                    [post__in] => Array
                        (
                        )

                    [post__not_in] => Array
                        (
                        )

                    [post_name__in] => Array
                        (
                        )

                    [tag__in] => Array
                        (
                        )

                    [tag__not_in] => Array
                        (
                        )

                    [tag__and] => Array
                        (
                        )

                    [tag_slug__in] => Array
                        (
                        )

                    [tag_slug__and] => Array
                        (
                        )

                    [post_parent__in] => Array
                        (
                        )

                    [post_parent__not_in] => Array
                        (
                        )

                    [author__in] => Array
                        (
                        )

                    [author__not_in] => Array
                        (
                        )

                    [search_columns] => Array
                        (
                        )

                    [ignore_sticky_posts] => 
                    [suppress_filters] => 
                    [cache_results] => 1
                    [update_post_term_cache] => 1
                    [update_menu_item_cache] => 
                    [lazy_load_term_meta] => 1
                    [update_post_meta_cache] => 1
                    [nopaging] => 1
                    [comments_per_page] => 50
                    [no_found_rows] => 
                    [order] => DESC
                )

            [tax_query] => WP_Tax_Query Object
                (
                    [queries] => Array
                        (
                        )

                    [relation] => AND
                    [table_aliases:protected] => Array
                        (
                        )

                    [queried_terms] => Array
                        (
                        )

                    [primary_table] => wp_posts
                    [primary_id_column] => ID
                )

            [meta_query] => WP_Meta_Query Object
                (
                    [queries] => Array
                        (
                        )

                    [relation] => 
                    [meta_table] => 
                    [meta_id_column] => 
                    [primary_table] => 
                    [primary_id_column] => 
                    [table_aliases:protected] => Array
                        (
                        )

                    [clauses:protected] => Array
                        (
                        )

                    [has_or_relation:protected] => 
                )

            [date_query] => 
            [request] => SELECT   wp_posts.*
					 FROM wp_posts 
					 WHERE 1=1  AND ((wp_posts.post_type = 'movie' AND (wp_posts.post_status = 'publish' OR wp_posts.post_status = 'acf-disabled' 
OR wp_posts.post_status = 'private')))
					 
					 ORDER BY wp_posts.post_date DESC
					 
            [posts] => Array
                (
                    [0] => WP_Post Object
                        (
                            [ID] => 246
                            [post_author] => 1
                            [post_date] => 2025-09-08 23:25:05
                            [post_date_gmt] => 2025-09-08 23:25:05
                            [post_content] => 
                            [post_title] => The Surfer
                            [post_excerpt] => 
                            [post_status] => publish
                            [comment_status] => closed
                            [ping_status] => closed
                            [post_password] => 
                            [post_name] => the-surfer
                            [to_ping] => 
                            [pinged] => 
                            [post_modified] => 2025-09-09 00:29:34
                            [post_modified_gmt] => 2025-09-09 00:29:34
                            [post_content_filtered] => 
                            [post_parent] => 0
                            [guid] => http://timbertwig.local/?post_type=movie&#038;p=246
                            [menu_order] => 0
                            [post_type] => movie
                            [post_mime_type] => 
                            [comment_count] => 0
                            [filter] => raw
                        )

                    [1] => WP_Post Object
                        (
                            [ID] => 244
                            [post_author] => 1
                            [post_date] => 2025-09-08 23:24:35
                            [post_date_gmt] => 2025-09-08 23:24:35
                            [post_content] => 
                            [post_title] => Le Murder Club du jeudi
                            [post_excerpt] => 
                            [post_status] => publish
                            [comment_status] => closed
                            [ping_status] => closed
                            [post_password] => 
                            [post_name] => le-murder-club-du-jeudi
                            [to_ping] => 
                            [pinged] => 
                            [post_modified] => 2025-09-08 23:24:35
                            [post_modified_gmt] => 2025-09-08 23:24:35
                            [post_content_filtered] => 
                            [post_parent] => 0
                            [guid] => http://timbertwig.local/?post_type=movie&#038;p=244
                            [menu_order] => 0
                            [post_type] => movie
                            [post_mime_type] => 
                            [comment_count] => 0
                            [filter] => raw
                        )

                    [2] => WP_Post Object
                        (
                            [ID] => 242
                            [post_author] => 1
                            [post_date] => 2025-09-08 23:23:48
                            [post_date_gmt] => 2025-09-08 23:23:48
                            [post_content] => 
                            [post_title] => Highest 2 Lowest
                            [post_excerpt] => 
                            [post_status] => publish
                            [comment_status] => closed
                            [ping_status] => closed
                            [post_password] => 
                            [post_name] => highest-2-lowest
                            [to_ping] => 
                            [pinged] => 
                            [post_modified] => 2025-09-08 23:23:48
                            [post_modified_gmt] => 2025-09-08 23:23:48
                            [post_content_filtered] => 
                            [post_parent] => 0
                            [guid] => http://timbertwig.local/?post_type=movie&#038;p=242
                            [menu_order] => 0
                            [post_type] => movie
                            [post_mime_type] => 
                            [comment_count] => 0
                            [filter] => raw
                        )

                )

            [post_count] => 3
            [current_post] => -1
            [before_loop] => 1
            [in_the_loop] => 
            [post] => WP_Post Object
                (
                    [ID] => 246
                    [post_author] => 1
                    [post_date] => 2025-09-08 23:25:05
                    [post_date_gmt] => 2025-09-08 23:25:05
                    [post_content] => 
                    [post_title] => The Surfer
                    [post_excerpt] => 
                    [post_status] => publish
                    [comment_status] => closed
                    [ping_status] => closed
                    [post_password] => 
                    [post_name] => the-surfer
                    [to_ping] => 
                    [pinged] => 
                    [post_modified] => 2025-09-09 00:29:34
                    [post_modified_gmt] => 2025-09-09 00:29:34
                    [post_content_filtered] => 
                    [post_parent] => 0
                    [guid] => http://timbertwig.local/?post_type=movie&#038;p=246
                    [menu_order] => 0
                    [post_type] => movie
                    [post_mime_type] => 
                    [comment_count] => 0
                    [filter] => raw
                )

            [comment_count] => 0
            [current_comment] => -1
            [found_posts] => 3
            [max_num_pages] => 0
            [max_num_comment_pages] => 0
            [is_single] => 
            [is_preview] => 
            [is_page] => 
            [is_archive] => 
            [is_date] => 
            [is_year] => 
            [is_month] => 
            [is_day] => 
            [is_time] => 
            [is_author] => 
            [is_category] => 
            [is_tag] => 
            [is_tax] => 
            [is_search] => 
            [is_feed] => 
            [is_comment_feed] => 
            [is_trackback] => 
            [is_home] => 1
            [is_privacy_policy] => 
            [is_404] => 
            [is_embed] => 
            [is_paged] => 
            [is_admin] => 
            [is_attachment] => 
            [is_singular] => 
            [is_robots] => 
            [is_favicon] => 
            [is_posts_page] => 
            [is_post_type_archive] => 
            [query_vars_hash:WP_Query:private] => 81a81404f00e82cfaa145233e873701d
            [query_vars_changed:WP_Query:private] => 
            [thumbnails_cached] => 
            [allow_query_attachment_by_filename:protected] => 
            [stopwords:WP_Query:private] => 
            [compat_fields:WP_Query:private] => Array
                (
                    [0] => query_vars_hash
                    [1] => query_vars_changed
                )

            [compat_methods:WP_Query:private] => Array
                (
                    [0] => init_query_flags
                    [1] => parse_tax_query
                )

            [query_cache_key:WP_Query:private] => wp_query:819b3d0d1dc6fd422838eb8be58d64e2:0.32791500 1757439580
        )

    [found_posts] => 3
    [pagination] => 
    [factory] => Timber\Factory\PostFactory Object
        (
        )

    [iterator] => Timber\PostsIterator Object
        (
            [last_post:protected] => 
            [storage:ArrayIterator:private] => Timber\PostQuery Object
 *RECURSION*
        )

)

[09-Sep-2025 17:40:00 UTC] Timber\PostQuery Object
(
    [info] => 
********************************************************************************

    This output is generated by Timber\PostQuery::__debugInfo().

    The properties you see here are not actual properties, but only debug
    output. If you want to access the actual instances of Timber\Posts, loop
        over the collection or get all posts through $query->to_array().

        More info: https://timber.github.io/docs/v2/guides/posts/#debugging-post-collections

********************************************************************************
    [posts] => Array
        (
            [0] => Timber\Post Object
                (
                    [id] => 246
                    [ID] => 246
                    [object_type] => post
                    [wp_object:protected] => WP_Post Object
                        (
                            [ID] => 246
                            [post_author] => 1
                            [post_date] => 2025-09-08 23:25:05
                            [post_date_gmt] => 2025-09-08 23:25:05
                            [post_content] => 
                            [post_title] => The Surfer
                            [post_excerpt] => 
                            [post_status] => publish
                            [comment_status] => closed
                            [ping_status] => closed
                            [post_password] => 
                            [post_name] => the-surfer
                            [to_ping] => 
                            [pinged] => 
                            [post_modified] => 2025-09-09 00:29:34
                            [post_modified_gmt] => 2025-09-09 00:29:34
                            [post_content_filtered] => 
                            [post_parent] => 0
                            [guid] => http://timbertwig.local/?post_type=movie&#038;p=246
                            [menu_order] => 0
                            [post_type] => movie
                            [post_mime_type] => 
                            [comment_count] => 0
                            [filter] => raw
                        )

                    [___content:protected] => 
                    [_permalink:protected] => 
                    [_next:protected] => Array
                        (
                        )

                    [_prev:protected] => Array
                        (
                        )

                    [_css_class:protected] => 
                    [post_author] => 1
                    [post_content] => 
                    [post_date] => 2025-09-08 23:25:05
                    [post_excerpt] => 
                    [post_parent] => 0
                    [post_status] => publish
                    [post_title] => The Surfer
                    [post_type] => movie
                    [slug] => the-surfer
                    [__type:protected] => 
                    [post_date_gmt] => 2025-09-08 23:25:05
                    [comment_status] => closed
                    [ping_status] => closed
                    [post_password] => 
                    [post_name] => the-surfer
                    [to_ping] => 
                    [pinged] => 
                    [post_modified] => 2025-09-09 00:29:34
                    [post_modified_gmt] => 2025-09-09 00:29:34
                    [post_content_filtered] => 
                    [guid] => http://timbertwig.local/?post_type=movie&#038;p=246
                    [menu_order] => 0
                    [post_mime_type] => 
                    [filter] => raw
                    [status] => publish
                )

            [1] => Timber\Post Object
                (
                    [id] => 244
                    [ID] => 244
                    [object_type] => post
                    [wp_object:protected] => WP_Post Object
                        (
                            [ID] => 244
                            [post_author] => 1
                            [post_date] => 2025-09-08 23:24:35
                            [post_date_gmt] => 2025-09-08 23:24:35
                            [post_content] => 
                            [post_title] => Le Murder Club du jeudi
                            [post_excerpt] => 
                            [post_status] => publish
                            [comment_status] => closed
                            [ping_status] => closed
                            [post_password] => 
                            [post_name] => le-murder-club-du-jeudi
                            [to_ping] => 
                            [pinged] => 
                            [post_modified] => 2025-09-08 23:24:35
                            [post_modified_gmt] => 2025-09-08 23:24:35
                            [post_content_filtered] => 
                            [post_parent] => 0
                            [guid] => http://timbertwig.local/?post_type=movie&#038;p=244
                            [menu_order] => 0
                            [post_type] => movie
                            [post_mime_type] => 
                            [comment_count] => 0
                            [filter] => raw
                        )

                    [___content:protected] => 
                    [_permalink:protected] => 
                    [_next:protected] => Array
                        (
                        )

                    [_prev:protected] => Array
                        (
                        )

                    [_css_class:protected] => 
                    [post_author] => 1
                    [post_content] => 
                    [post_date] => 2025-09-08 23:24:35
                    [post_excerpt] => 
                    [post_parent] => 0
                    [post_status] => publish
                    [post_title] => Le Murder Club du jeudi
                    [post_type] => movie
                    [slug] => le-murder-club-du-jeudi
                    [__type:protected] => 
                    [post_date_gmt] => 2025-09-08 23:24:35
                    [comment_status] => closed
                    [ping_status] => closed
                    [post_password] => 
                    [post_name] => le-murder-club-du-jeudi
                    [to_ping] => 
                    [pinged] => 
                    [post_modified] => 2025-09-08 23:24:35
                    [post_modified_gmt] => 2025-09-08 23:24:35
                    [post_content_filtered] => 
                    [guid] => http://timbertwig.local/?post_type=movie&#038;p=244
                    [menu_order] => 0
                    [post_mime_type] => 
                    [filter] => raw
                    [status] => publish
                )

            [2] => Timber\Post Object
                (
                    [id] => 242
                    [ID] => 242
                    [object_type] => post
                    [wp_object:protected] => WP_Post Object
                        (
                            [ID] => 242
                            [post_author] => 1
                            [post_date] => 2025-09-08 23:23:48
                            [post_date_gmt] => 2025-09-08 23:23:48
                            [post_content] => 
                            [post_title] => Highest 2 Lowest
                            [post_excerpt] => 
                            [post_status] => publish
                            [comment_status] => closed
                            [ping_status] => closed
                            [post_password] => 
                            [post_name] => highest-2-lowest
                            [to_ping] => 
                            [pinged] => 
                            [post_modified] => 2025-09-08 23:23:48
                            [post_modified_gmt] => 2025-09-08 23:23:48
                            [post_content_filtered] => 
                            [post_parent] => 0
                            [guid] => http://timbertwig.local/?post_type=movie&#038;p=242
                            [menu_order] => 0
                            [post_type] => movie
                            [post_mime_type] => 
                            [comment_count] => 0
                            [filter] => raw
                        )

                    [___content:protected] => 
                    [_permalink:protected] => 
                    [_next:protected] => Array
                        (
                        )

                    [_prev:protected] => Array
                        (
                        )

                    [_css_class:protected] => 
                    [post_author] => 1
                    [post_content] => 
                    [post_date] => 2025-09-08 23:23:48
                    [post_excerpt] => 
                    [post_parent] => 0
                    [post_status] => publish
                    [post_title] => Highest 2 Lowest
                    [post_type] => movie
                    [slug] => highest-2-lowest
                    [__type:protected] => 
                    [post_date_gmt] => 2025-09-08 23:23:48
                    [comment_status] => closed
                    [ping_status] => closed
                    [post_password] => 
                    [post_name] => highest-2-lowest
                    [to_ping] => 
                    [pinged] => 
                    [post_modified] => 2025-09-08 23:23:48
                    [post_modified_gmt] => 2025-09-08 23:23:48
                    [post_content_filtered] => 
                    [guid] => http://timbertwig.local/?post_type=movie&#038;p=242
                    [menu_order] => 0
                    [post_mime_type] => 
                    [filter] => raw
                    [status] => publish
                )

        )

    [wp_query] => WP_Query Object
        (
            [query] => Array
                (
                    [post_type] => movie
                    [posts_per_page] => -1
                )

            [query_vars] => Array
                (
                    [post_type] => movie
                    [posts_per_page] => -1
                    [error] => 
                    [m] => 
                    [p] => 0
                    [post_parent] => 
                    [subpost] => 
                    [subpost_id] => 
                    [attachment] => 
                    [attachment_id] => 0
                    [name] => 
                    [pagename] => 
                    [page_id] => 0
                    [second] => 
                    [minute] => 
                    [hour] => 
                    [day] => 0
                    [monthnum] => 0
                    [year] => 0
                    [w] => 0
                    [category_name] => 
                    [tag] => 
                    [cat] => 
                    [tag_id] => 
                    [author] => 
                    [author_name] => 
                    [feed] => 
                    [tb] => 
                    [paged] => 0
                    [meta_key] => 
                    [meta_value] => 
                    [preview] => 
                    [s] => 
                    [sentence] => 
                    [title] => 
                    [fields] => all
                    [menu_order] => 
                    [embed] => 
                    [category__in] => Array
                        (
                        )

                    [category__not_in] => Array
                        (
                        )

                    [category__and] => Array
                        (
                        )

                    [post__in] => Array
                        (
                        )

                    [post__not_in] => Array
                        (
                        )

                    [post_name__in] => Array
                        (
                        )

                    [tag__in] => Array
                        (
                        )

                    [tag__not_in] => Array
                        (
                        )

                    [tag__and] => Array
                        (
                        )

                    [tag_slug__in] => Array
                        (
                        )

                    [tag_slug__and] => Array
                        (
                        )

                    [post_parent__in] => Array
                        (
                        )

                    [post_parent__not_in] => Array
                        (
                        )

                    [author__in] => Array
                        (
                        )

                    [author__not_in] => Array
                        (
                        )

                    [search_columns] => Array
                        (
                        )

                    [ignore_sticky_posts] => 
                    [suppress_filters] => 
                    [cache_results] => 1
                    [update_post_term_cache] => 1
                    [update_menu_item_cache] => 
                    [lazy_load_term_meta] => 1
                    [update_post_meta_cache] => 1
                    [nopaging] => 1
                    [comments_per_page] => 50
                    [no_found_rows] => 
                    [order] => DESC
                )

            [tax_query] => WP_Tax_Query Object
                (
                    [queries] => Array
                        (
                        )

                    [relation] => AND
                    [table_aliases:protected] => Array
                        (
                        )

                    [queried_terms] => Array
                        (
                        )

                    [primary_table] => wp_posts
                    [primary_id_column] => ID
                )

            [meta_query] => WP_Meta_Query Object
                (
                    [queries] => Array
                        (
                        )

                    [relation] => 
                    [meta_table] => 
                    [meta_id_column] => 
                    [primary_table] => 
                    [primary_id_column] => 
                    [table_aliases:protected] => Array
                        (
                        )

                    [clauses:protected] => Array
                        (
                        )

                    [has_or_relation:protected] => 
                )

            [date_query] => 
            [request] => SELECT   wp_posts.*
					 FROM wp_posts 
					 WHERE 1=1  AND ((wp_posts.post_type = 'movie' AND (wp_posts.post_status = 'publish' OR wp_posts.post_status = 'acf-disabled' 
OR wp_posts.post_status = 'private')))
					 
					 ORDER BY wp_posts.post_date DESC
					 
            [posts] => Array
                (
                    [0] => WP_Post Object
                        (
                            [ID] => 246
                            [post_author] => 1
                            [post_date] => 2025-09-08 23:25:05
                            [post_date_gmt] => 2025-09-08 23:25:05
                            [post_content] => 
                            [post_title] => The Surfer
                            [post_excerpt] => 
                            [post_status] => publish
                            [comment_status] => closed
                            [ping_status] => closed
                            [post_password] => 
                            [post_name] => the-surfer
                            [to_ping] => 
                            [pinged] => 
                            [post_modified] => 2025-09-09 00:29:34
                            [post_modified_gmt] => 2025-09-09 00:29:34
                            [post_content_filtered] => 
                            [post_parent] => 0
                            [guid] => http://timbertwig.local/?post_type=movie&#038;p=246
                            [menu_order] => 0
                            [post_type] => movie
                            [post_mime_type] => 
                            [comment_count] => 0
                            [filter] => raw
                        )

                    [1] => WP_Post Object
                        (
                            [ID] => 244
                            [post_author] => 1
                            [post_date] => 2025-09-08 23:24:35
                            [post_date_gmt] => 2025-09-08 23:24:35
                            [post_content] => 
                            [post_title] => Le Murder Club du jeudi
                            [post_excerpt] => 
                            [post_status] => publish
                            [comment_status] => closed
                            [ping_status] => closed
                            [post_password] => 
                            [post_name] => le-murder-club-du-jeudi
                            [to_ping] => 
                            [pinged] => 
                            [post_modified] => 2025-09-08 23:24:35
                            [post_modified_gmt] => 2025-09-08 23:24:35
                            [post_content_filtered] => 
                            [post_parent] => 0
                            [guid] => http://timbertwig.local/?post_type=movie&#038;p=244
                            [menu_order] => 0
                            [post_type] => movie
                            [post_mime_type] => 
                            [comment_count] => 0
                            [filter] => raw
                        )

                    [2] => WP_Post Object
                        (
                            [ID] => 242
                            [post_author] => 1
                            [post_date] => 2025-09-08 23:23:48
                            [post_date_gmt] => 2025-09-08 23:23:48
                            [post_content] => 
                            [post_title] => Highest 2 Lowest
                            [post_excerpt] => 
                            [post_status] => publish
                            [comment_status] => closed
                            [ping_status] => closed
                            [post_password] => 
                            [post_name] => highest-2-lowest
                            [to_ping] => 
                            [pinged] => 
                            [post_modified] => 2025-09-08 23:23:48
                            [post_modified_gmt] => 2025-09-08 23:23:48
                            [post_content_filtered] => 
                            [post_parent] => 0
                            [guid] => http://timbertwig.local/?post_type=movie&#038;p=242
                            [menu_order] => 0
                            [post_type] => movie
                            [post_mime_type] => 
                            [comment_count] => 0
                            [filter] => raw
                        )

                )

            [post_count] => 3
            [current_post] => -1
            [before_loop] => 1
            [in_the_loop] => 
            [post] => WP_Post Object
                (
                    [ID] => 246
                    [post_author] => 1
                    [post_date] => 2025-09-08 23:25:05
                    [post_date_gmt] => 2025-09-08 23:25:05
                    [post_content] => 
                    [post_title] => The Surfer
                    [post_excerpt] => 
                    [post_status] => publish
                    [comment_status] => closed
                    [ping_status] => closed
                    [post_password] => 
                    [post_name] => the-surfer
                    [to_ping] => 
                    [pinged] => 
                    [post_modified] => 2025-09-09 00:29:34
                    [post_modified_gmt] => 2025-09-09 00:29:34
                    [post_content_filtered] => 
                    [post_parent] => 0
                    [guid] => http://timbertwig.local/?post_type=movie&#038;p=246
                    [menu_order] => 0
                    [post_type] => movie
                    [post_mime_type] => 
                    [comment_count] => 0
                    [filter] => raw
                )

            [comment_count] => 0
            [current_comment] => -1
            [found_posts] => 3
            [max_num_pages] => 0
            [max_num_comment_pages] => 0
            [is_single] => 
            [is_preview] => 
            [is_page] => 
            [is_archive] => 
            [is_date] => 
            [is_year] => 
            [is_month] => 
            [is_day] => 
            [is_time] => 
            [is_author] => 
            [is_category] => 
            [is_tag] => 
            [is_tax] => 
            [is_search] => 
            [is_feed] => 
            [is_comment_feed] => 
            [is_trackback] => 
            [is_home] => 1
            [is_privacy_policy] => 
            [is_404] => 
            [is_embed] => 
            [is_paged] => 
            [is_admin] => 
            [is_attachment] => 
            [is_singular] => 
            [is_robots] => 
            [is_favicon] => 
            [is_posts_page] => 
            [is_post_type_archive] => 
            [query_vars_hash:WP_Query:private] => 81a81404f00e82cfaa145233e873701d
            [query_vars_changed:WP_Query:private] => 
            [thumbnails_cached] => 
            [allow_query_attachment_by_filename:protected] => 
            [stopwords:WP_Query:private] => 
            [compat_fields:WP_Query:private] => Array
                (
                    [0] => query_vars_hash
                    [1] => query_vars_changed
                )

            [compat_methods:WP_Query:private] => Array
                (
                    [0] => init_query_flags
                    [1] => parse_tax_query
                )

            [query_cache_key:WP_Query:private] => wp_query:819b3d0d1dc6fd422838eb8be58d64e2:0.35414700 1757439600
        )

    [found_posts] => 3
    [pagination] => 
    [factory] => Timber\Factory\PostFactory Object
        (
        )

    [iterator] => Timber\PostsIterator Object
        (
            [last_post:protected] => 
            [storage:ArrayIterator:private] => Timber\PostQuery Object
 *RECURSION*
        )

)

[09-Sep-2025 17:41:24 UTC] The Surfer
[09-Sep-2025 17:41:24 UTC] Le Murder Club du jeudi
[09-Sep-2025 17:41:24 UTC] Highest 2 Lowest
[09-Sep-2025 17:44:26 UTC] The Surfer
[09-Sep-2025 17:44:26 UTC] Le Murder Club du jeudi
[09-Sep-2025 17:44:26 UTC] Highest 2 Lowest
[09-Sep-2025 17:44:40 UTC] The Surfer
[09-Sep-2025 17:44:40 UTC] Le Murder Club du jeudi
[09-Sep-2025 17:44:40 UTC] Highest 2 Lowest
[09-Sep-2025 17:44:56 UTC] The Surfer
[09-Sep-2025 17:44:56 UTC] Le Murder Club du jeudi
[09-Sep-2025 17:44:56 UTC] Highest 2 Lowest
[09-Sep-2025 17:46:49 UTC] The Surfer
[09-Sep-2025 17:46:49 UTC] Le Murder Club du jeudi
[09-Sep-2025 17:46:49 UTC] Highest 2 Lowest
[09-Sep-2025 17:46:51 UTC] The Surfer
[09-Sep-2025 17:46:51 UTC] Le Murder Club du jeudi
[09-Sep-2025 17:46:51 UTC] Highest 2 Lowest
